2024-04-18 18:54:34 [http-nio-8080-exec-2] INFO  c.e.o.controller.ProductController - OBTER TODOS OS PRODUTOS: [{id=eae34065-0261-470a-83e4-6874a36bf453, name='Coca-Cola 2 Litros', price=8.99, category='bebida'}]
2024-04-18 19:13:58 [http-nio-8080-exec-8] INFO  c.e.o.controller.ProductController - ATUALIZANDO PRODUTO: {id=eae34065-0261-470a-83e4-6874a36bf453, name='Coca-Cola 2 Litros', price=10, category='bebida'}
2024-04-18 19:24:28 [http-nio-8080-exec-3] INFO  c.e.o.controller.ProductController - OBTER TODOS OS PRODUTOS: [{id=eae34065-0261-470a-83e4-6874a36bf453, name='Coca-Cola 2 Litros', price=10.00, category='bebida'}]
2024-04-18 19:24:50 [http-nio-8080-exec-4] INFO  c.e.o.controller.ProductController - ATUALIZANDO PRODUTO: {id=eae34065-0261-470a-83e4-6874a36bf453, name='Coca-Cola 2 Litros', price=11, category='bebida'}
2024-04-18 19:24:56 [http-nio-8080-exec-5] INFO  c.e.o.controller.ProductController - OBTER TODOS OS PRODUTOS: [{id=eae34065-0261-470a-83e4-6874a36bf453, name='Coca-Cola 2 Litros', price=11.00, category='bebida'}]
2024-04-18 19:25:08 [http-nio-8080-exec-6] INFO  c.e.o.controller.ProductController - ATUALIZANDO PRODUTO: {id=eae34065-0261-470a-83e4-6874a36bf453, name='Coca-Cola 2 Litros', price=10, category='bebida'}
2024-04-18 19:25:12 [http-nio-8080-exec-7] INFO  c.e.o.controller.ProductController - OBTER TODOS OS PRODUTOS: [{id=eae34065-0261-470a-83e4-6874a36bf453, name='Coca-Cola 2 Litros', price=10.00, category='bebida'}]
2024-04-18 19:48:37 [http-nio-8080-exec-5] INFO  c.e.o.controller.ProductController - CRIANDO PRODUTO: {id=ec0de1f5-2b85-45e9-b21e-3a856b965170, name='Coca-Cola 2 Litros', price=8.99, category='bebida'}
2024-04-18 19:48:42 [http-nio-8080-exec-6] INFO  c.e.o.controller.ProductController - OBTER TODOS OS PRODUTOS: [{id=eae34065-0261-470a-83e4-6874a36bf453, name='Coca-Cola 2 Litros', price=10.00, category='bebida'}, {id=ec0de1f5-2b85-45e9-b21e-3a856b965170, name='Coca-Cola 2 Litros', price=8.99, category='bebida'}]
2024-04-18 19:54:15 [http-nio-8080-exec-3] INFO  c.e.o.controller.ProductController - PRODUTO COM O ID ec0de1f5-2b85-45e9-b21e-3a856b965170 EXCLUÍDO COM SUCESSO!
2024-04-18 19:54:55 [http-nio-8080-exec-4] INFO  c.e.o.controller.ProductController - OBTER TODOS OS PRODUTOS: [{id=eae34065-0261-470a-83e4-6874a36bf453, name='Coca-Cola 2 Litros', price=10.00, category='bebida'}]
2024-04-18 20:00:02 [http-nio-8080-exec-10] INFO  c.e.o.controller.ProductController - OBTER TODOS OS PRODUTOS: [{id=eae34065-0261-470a-83e4-6874a36bf453, name='Coca-Cola 2 Litros', price=10.00, category='bebida'}]
2024-04-18 20:00:19 [http-nio-8080-exec-2] INFO  c.e.o.controller.ProductController - OBTER PRODUTO POR ID: eae34065-0261-470a-83e4-6874a36bf453
2024-04-18 20:15:11 [http-nio-8080-exec-2] INFO  c.e.o.controller.ProductController - CRIANDO PRODUTO COM PAGINAÇÃO: [{id=ae135362-352f-4203-8180-e70a7330aeaa, name='Fanta 2 Litros', price=8.99, category='bebida'}]
2024-04-18 20:20:40 [http-nio-8080-exec-4] INFO  c.e.o.controller.ProductController - OBTER TODOS OS PRODUTOS COM PAGINAÇÃO: Page 1 of 1 containing com.example.order_management.model.Product instances
2024-04-18 20:29:07 [http-nio-8080-exec-7] INFO  c.e.o.controller.ProductController - OBTER TODOS OS PRODUTOS: [{id=eae34065-0261-470a-83e4-6874a36bf453, name='Coca-Cola 2 Litros', price=10.00, category='bebida'}, {id=ae135362-352f-4203-8180-e70a7330aeaa, name='Fanta 2 Litros', price=8.99, category='bebida'}]
2024-04-18 20:30:31 [http-nio-8080-exec-10] INFO  c.e.o.controller.ProductController - ATUALIZANDO PRODUTO COM PAGINAÇÃO: [{id=ae135362-352f-4203-8180-e70a7330aeaa, name='Fanta 2 Litros', price=11, category='bebida'}]
2024-04-18 20:41:24 [http-nio-8080-exec-6] INFO  c.e.o.controller.ProductController - CRIANDO PRODUTO COM PAGINAÇÃO: [{id=44e4cfaa-b149-4a8c-a7c9-9a65d782f83f, name='Fanta 500 ml', price=8.99, category='bebida'}]
2024-04-18 20:41:37 [http-nio-8080-exec-7] INFO  c.e.o.controller.ProductController - OBTER TODOS OS PRODUTOS: [{id=eae34065-0261-470a-83e4-6874a36bf453, name='Coca-Cola 2 Litros', price=10.00, category='bebida'}, {id=ae135362-352f-4203-8180-e70a7330aeaa, name='Fanta 2 Litros', price=11.00, category='bebida'}, {id=44e4cfaa-b149-4a8c-a7c9-9a65d782f83f, name='Fanta 500 ml', price=8.99, category='bebida'}]
2024-04-18 20:42:21 [http-nio-8080-exec-8] INFO  c.e.o.controller.ProductController - PRODUTO COM O ID 44e4cfaa-b149-4a8c-a7c9-9a65d782f83f EXCLUÍDO COM SUCESSO NA PAGINAÇÃO!
2024-04-18 20:43:21 [http-nio-8080-exec-2] INFO  c.e.o.controller.ProductController - CRIANDO PRODUTO COM PAGINAÇÃO: [{id=968b6e46-0522-447e-9202-3dbad72699d3, name='Fanta 500 ml', price=8.99, category='bebida'}]
2024-04-18 20:43:35 [http-nio-8080-exec-3] INFO  c.e.o.controller.ProductController - PRODUTO COM O ID 968b6e46-0522-447e-9202-3dbad72699d3 EXCLUÍDO COM SUCESSO NA PAGINAÇÃO!
2024-04-18 20:48:14 [http-nio-8080-exec-9] INFO  c.e.o.controller.ProductController - OBTER TODOS OS PRODUTOS: [{id=eae34065-0261-470a-83e4-6874a36bf453, name='Coca-Cola 2 Litros', price=10.00, category='bebida'}, {id=ae135362-352f-4203-8180-e70a7330aeaa, name='Fanta 2 Litros', price=11.00, category='bebida'}]
2024-04-18 20:50:54 [http-nio-8080-exec-2] INFO  c.e.o.controller.ProductController - OBTER PRODUTO POR ID COM PAGINAÇÃO: ae135362-352f-4203-8180-e70a7330aeaa
2024-04-19 16:06:55 [http-nio-8080-exec-6] ERROR c.e.o.controller.ProductController - Erro de validação: Usuário não autenticado
2024-04-19 16:09:31 [http-nio-8080-exec-1] INFO  c.e.o.controller.ProductController - CRIANDO PRODUTO: {id=23693cd0-6920-4839-a818-79c6299c728f, name='Mineiro 2 Litros', price=8, category='bebida'}
2024-04-19 16:10:21 [http-nio-8080-exec-3] INFO  c.e.o.controller.ProductController - CRIANDO PRODUTO: {id=2002ae43-925a-4668-a1d5-e3b5f5b60e09, name='Mineiro 500 ml', price=6, category='bebida'}
2024-04-19 17:54:09 [http-nio-8080-exec-2] ERROR c.e.o.controller.ProductController - O ID do produto fornecido é inválido.
2024-04-19 17:59:43 [http-nio-8080-exec-2] ERROR c.e.o.controller.ProductController - O ID do produto fornecido é inválido.
2024-04-19 20:17:31 [http-nio-8080-exec-1] INFO  c.e.o.controller.ProductController - OBTER TODOS OS PRODUTOS: [{id=23693cd0-6920-4839-a818-79c6299c728f, name='Mineiro 2 Litros', price=8.00, category='bebida'}, {id=2002ae43-925a-4668-a1d5-e3b5f5b60e09, name='Mineiro 500 ml', price=6.00, category='bebida'}]
2024-04-19 20:25:12 [http-nio-8080-exec-5] INFO  c.e.o.controller.ProductController - ATUALIZANDO PRODUTO: {id=23693cd0-6920-4839-a818-79c6299c728f, name='Coca-Cola 2 Litros', price=10, category='bebida'}
2024-04-19 20:30:23 [http-nio-8080-exec-3] ERROR c.e.o.controller.ProductController - O ID do produto fornecido é inválido.
2024-04-19 20:32:03 [http-nio-8080-exec-6] INFO  c.e.o.controller.ProductController - OBTER TODOS OS PRODUTOS: [{id=2002ae43-925a-4668-a1d5-e3b5f5b60e09, name='Mineiro 500 ml', price=6.00, category='bebida'}, {id=23693cd0-6920-4839-a818-79c6299c728f, name='Coca-Cola 2 Litros', price=10.00, category='bebida'}]
2024-04-19 20:36:39 [http-nio-8080-exec-1] ERROR c.e.o.controller.ProductController - O ID do produto fornecido é inválido.
2024-04-19 20:38:00 [http-nio-8080-exec-5] INFO  c.e.o.controller.ProductController - OBTER TODOS OS PRODUTOS: [{id=2002ae43-925a-4668-a1d5-e3b5f5b60e09, name='Mineiro 500 ml', price=6.00, category='bebida'}]
2024-04-19 20:38:45 [http-nio-8080-exec-6] INFO  c.e.o.controller.ProductController - OBTER PRODUTO POR ID: 2002ae43-925a-4668-a1d5-e3b5f5b60e09
2024-04-19 20:41:44 [http-nio-8080-exec-10] ERROR c.e.o.controller.ProductController - O ID do produto fornecido é inválido.
2024-04-19 20:45:21 [http-nio-8080-exec-4] INFO  c.e.o.controller.ProductController - CRIANDO PRODUTO COM PAGINAÇÃO: [{id=ae82b7bc-61e9-463a-8765-bd0305ee7bfe, name='Fanta 500 ml', price=8.99, category='bebida'}]
2024-04-19 20:51:44 [http-nio-8080-exec-5] INFO  c.e.o.controller.ProductController - OBTER TODOS OS PRODUTOS COM PAGINAÇÃO: Page 1 of 1 containing com.example.order_management.model.Product instances
2024-04-19 20:58:43 [http-nio-8080-exec-8] INFO  c.e.o.controller.ProductController - ATUALIZANDO PRODUTO COM PAGINAÇÃO: [{id=ae82b7bc-61e9-463a-8765-bd0305ee7bfe, name='Fanta 1 Litros', price=6, category='bebida'}]
2024-04-19 21:02:08 [http-nio-8080-exec-3] INFO  c.e.o.controller.ProductController - OBTER TODOS OS PRODUTOS COM PAGINAÇÃO: Page 1 of 1 containing com.example.order_management.model.Product instances
2024-04-19 21:02:22 [http-nio-8080-exec-5] INFO  c.e.o.controller.ProductController - PRODUTO COM O ID ae82b7bc-61e9-463a-8765-bd0305ee7bfe EXCLUÍDO COM SUCESSO NA PAGINAÇÃO!
2024-04-19 21:07:42 [http-nio-8080-exec-2] ERROR c.e.o.controller.ProductController - O ID do produto fornecido é inválido.
2024-04-19 21:10:22 [http-nio-8080-exec-1] INFO  c.e.o.controller.ProductController - OBTER TODOS OS PRODUTOS COM PAGINAÇÃO: Page 1 of 1 containing com.example.order_management.model.Product instances
2024-04-19 21:11:02 [http-nio-8080-exec-3] INFO  c.e.o.controller.ProductController - OBTER PRODUTO POR ID COM PAGINAÇÃO: 2002ae43-925a-4668-a1d5-e3b5f5b60e09
2024-04-19 21:14:49 [http-nio-8080-exec-10] ERROR c.e.o.controller.ProductController - O ID do produto fornecido é inválido.
2024-04-19 22:05:33 [http-nio-8080-exec-2] INFO  c.e.o.controller.ProductController - OBTER TODOS OS PRODUTOS: [{id=2002ae43-925a-4668-a1d5-e3b5f5b60e09, name='Mineiro 500 ml', price=6.00, category='bebida'}]
2024-04-20 18:06:31 [http-nio-8080-exec-5] INFO  c.e.o.controller.ProductController - OBTER TODOS OS PRODUTOS: [{id=2002ae43-925a-4668-a1d5-e3b5f5b60e09, name='Mineiro 500 ml', price=6.00, category='bebida'}]
2024-04-20 18:08:25 [http-nio-8080-exec-6] INFO  c.e.o.controller.ProductController - CRIANDO PRODUTO: {id=6792bb29-dced-408c-84cd-4197f9b73997, name='Mineiro 2 litros', price=10, category='bebida'}
2024-04-20 18:08:32 [http-nio-8080-exec-7] INFO  c.e.o.controller.ProductController - OBTER TODOS OS PRODUTOS: [{id=2002ae43-925a-4668-a1d5-e3b5f5b60e09, name='Mineiro 500 ml', price=6.00, category='bebida'}, {id=6792bb29-dced-408c-84cd-4197f9b73997, name='Mineiro 2 litros', price=10.00, category='bebida'}]
